<?xml version="1.0" encoding="UTF-8"?>
<!-- Generated by org.testng.reporters.JUnitReportReporter -->
<testsuite hostname="DESKTOP-AL847SF" failures="0" tests="1" name="com.moolya.restassured.practice.ApiAutomation" time="2.805" errors="0" timestamp="2025-07-10T12:47:43 IST" skipped="0">
  <testcase classname="com.moolya.restassured.practice.ApiAutomation" name="getListOfUSers" time="2.805"/>
</testsuite> <!-- com.moolya.restassured.practice.ApiAutomation -->
